
Xvnc TigerVNC 1.8.0 - built Nov  2 2018 19:05:14
Copyright (C) 1999-2017 TigerVNC Team and many others (see README.txt)
See http://www.tigervnc.org for information on TigerVNC.
Underlying X server release 12001000, The X.Org Foundation


Fri Aug 30 03:07:29 2019
 vncext:      VNC extension running!
 vncext:      Listening for VNC connections on all interface(s), port 5901
 vncext:      created VNC server for screen 0

Fri Aug 30 03:07:35 2019
 ComparingUpdateTracker: 0 pixels in / 0 pixels out
 ComparingUpdateTracker: (1:-nan ratio)

Fri Aug 30 03:13:34 2019
 Connections: accepted: 13.233.170.211::18335
 SConnection: Client needs protocol version 3.8
 SConnection: Client requests security type VeNCrypt(19)
 SVeNCrypt:   Client requests security type TLSVnc (258)

Fri Aug 30 03:13:36 2019
 VNCSConnST:  Server default pixel format depth 24 (32bpp) little-endian rgb888
 VNCSConnST:  Client pixel format depth 24 (32bpp) little-endian rgb888

Fri Aug 30 03:15:06 2019
 Connections: closed: 13.233.170.211::18335 (Clean disconnection)
 EncodeManager: Framebuffer updates: 105
 EncodeManager:   CopyRect:
 EncodeManager:     Copies: 1 rects, 339.108 kpixels
 EncodeManager:             16 B (1:84777.8 ratio)
 EncodeManager:   RRE:
 EncodeManager:     Solid: 13 rects, 191.521 kpixels
 EncodeManager:            260 B (1:2947.08 ratio)
 EncodeManager:   ZRLE:
 EncodeManager:     Bitmap RLE: 11 rects, 6.534 kpixels
 EncodeManager:                 310 B (1:84.7355 ratio)
 EncodeManager:     Indexed RLE: 54 rects, 732.572 kpixels
 EncodeManager:                  7.83496 KiB (1:365.317 ratio)
 EncodeManager:     Full Colour: 86 rects, 3.14157 Mpixels
 EncodeManager:                  692.006 KiB (1:17.7351 ratio)
 EncodeManager:   Total: 165 rects, 4.41131 Mpixels
 EncodeManager:          700.413 KiB (1:24.6049 ratio)
 TLS:         TLS session wasn't terminated gracefully
 ComparingUpdateTracker: 19.8265 Mpixels in / 2.85128 Mpixels out
 ComparingUpdateTracker: (1:6.95355 ratio)

Fri Aug 30 03:15:23 2019
 Connections: accepted: 13.233.170.211::44777
 SConnection: Client needs protocol version 3.8
 SConnection: Client requests security type VeNCrypt(19)
 SVeNCrypt:   Client requests security type TLSVnc (258)

Fri Aug 30 03:15:26 2019
 VNCSConnST:  Server default pixel format depth 24 (32bpp) little-endian rgb888
 VNCSConnST:  Client pixel format depth 24 (32bpp) little-endian rgb888

Fri Aug 30 03:18:05 2019
 Connections: closed: 13.233.170.211::44777 (Clean disconnection)
 EncodeManager: Framebuffer updates: 4
 EncodeManager:   ZRLE:
 EncodeManager:     Indexed RLE: 15 rects, 979.2 kpixels
 EncodeManager:                  1.9668 KiB (1:1944.88 ratio)
 EncodeManager:     Full Colour: 10 rects, 252.036 kpixels
 EncodeManager:                  22.4277 KiB (1:43.9025 ratio)
 EncodeManager:   Total: 25 rects, 1.23124 Mpixels
 EncodeManager:          24.3945 KiB (1:197.167 ratio)
 TLS:         TLS session wasn't terminated gracefully
 ComparingUpdateTracker: 1.23124 Mpixels in / 2.436 kpixels out
 ComparingUpdateTracker: (1:505.433 ratio)

Fri Aug 30 03:18:21 2019
 Connections: accepted: 13.233.170.211::24237
 SConnection: Client needs protocol version 3.8
 SConnection: Client requests security type VeNCrypt(19)
 SVeNCrypt:   Client requests security type TLSVnc (258)

Fri Aug 30 03:18:24 2019
 VNCSConnST:  Server default pixel format depth 24 (32bpp) little-endian rgb888
 VNCSConnST:  Client pixel format depth 24 (32bpp) little-endian rgb888

Fri Aug 30 03:21:05 2019
 Connections: closed: 13.233.170.211::24237 (Clean disconnection)
 EncodeManager: Framebuffer updates: 4
 EncodeManager:   ZRLE:
 EncodeManager:     Indexed RLE: 15 rects, 979.2 kpixels
 EncodeManager:                  1.9668 KiB (1:1944.88 ratio)
 EncodeManager:     Full Colour: 10 rects, 252.036 kpixels
 EncodeManager:                  22.3721 KiB (1:44.0117 ratio)
 EncodeManager:   Total: 25 rects, 1.23124 Mpixels
 EncodeManager:          24.3389 KiB (1:197.618 ratio)
 TLS:         TLS session wasn't terminated gracefully
 ComparingUpdateTracker: 2.436 kpixels in / 2.436 kpixels out
 ComparingUpdateTracker: (1:1 ratio)

Fri Aug 30 03:21:22 2019
 Connections: accepted: 13.233.170.211::22055
 SConnection: Client needs protocol version 3.8
 SConnection: Client requests security type VeNCrypt(19)
 SVeNCrypt:   Client requests security type TLSVnc (258)

Fri Aug 30 03:21:24 2019
 VNCSConnST:  Server default pixel format depth 24 (32bpp) little-endian rgb888
 VNCSConnST:  Client pixel format depth 24 (32bpp) little-endian rgb888

Fri Aug 30 03:24:07 2019
 Connections: closed: 13.233.170.211::22055 (Clean disconnection)
 EncodeManager: Framebuffer updates: 4
 EncodeManager:   ZRLE:
 EncodeManager:     Indexed RLE: 15 rects, 979.2 kpixels
 EncodeManager:                  1.9668 KiB (1:1944.88 ratio)
 EncodeManager:     Full Colour: 10 rects, 252.036 kpixels
 EncodeManager:                  22.1699 KiB (1:44.413 ratio)
 EncodeManager:   Total: 25 rects, 1.23124 Mpixels
 EncodeManager:          24.1367 KiB (1:199.274 ratio)
 TLS:         TLS session wasn't terminated gracefully
 ComparingUpdateTracker: 1.23124 Mpixels in / 2.436 kpixels out
 ComparingUpdateTracker: (1:505.433 ratio)

Fri Aug 30 03:24:27 2019
 Connections: accepted: 13.233.170.211::51486
 SConnection: Client needs protocol version 3.8
 SConnection: Client requests security type VeNCrypt(19)
 SVeNCrypt:   Client requests security type TLSVnc (258)

Fri Aug 30 03:24:30 2019
 VNCSConnST:  Server default pixel format depth 24 (32bpp) little-endian rgb888
 VNCSConnST:  Client pixel format depth 24 (32bpp) little-endian rgb888

Fri Aug 30 03:27:05 2019
 Connections: closed: 13.233.170.211::51486 (Clean disconnection)
 EncodeManager: Framebuffer updates: 4
 EncodeManager:   ZRLE:
 EncodeManager:     Indexed RLE: 15 rects, 979.2 kpixels
 EncodeManager:                  1.9668 KiB (1:1944.88 ratio)
 EncodeManager:     Full Colour: 10 rects, 252.036 kpixels
 EncodeManager:                  22.4531 KiB (1:43.8528 ratio)
 EncodeManager:   Total: 25 rects, 1.23124 Mpixels
 EncodeManager:          24.4199 KiB (1:196.962 ratio)
 TLS:         TLS session wasn't terminated gracefully
 ComparingUpdateTracker: 1.23124 Mpixels in / 2.436 kpixels out
 ComparingUpdateTracker: (1:505.433 ratio)

Fri Aug 30 03:27:21 2019
 Connections: accepted: 13.233.170.211::57994
 SConnection: Client needs protocol version 3.8

Fri Aug 30 03:27:22 2019
 SConnection: Client requests security type VeNCrypt(19)
 SVeNCrypt:   Client requests security type TLSVnc (258)

Fri Aug 30 03:27:24 2019
 VNCSConnST:  Server default pixel format depth 24 (32bpp) little-endian rgb888
 VNCSConnST:  Client pixel format depth 24 (32bpp) little-endian rgb888

Fri Aug 30 03:29:00 2019
 Connections: closed: 13.233.170.211::57994 (readTLS: Success. (0))
 EncodeManager: Framebuffer updates: 39
 EncodeManager:   RRE:
 EncodeManager:     Solid: 6 rects, 2.024 kpixels
 EncodeManager:            120 B (1:68.0667 ratio)
 EncodeManager:   ZRLE:
 EncodeManager:     Bitmap RLE: 7 rects, 2.216 kpixels
 EncodeManager:                 208 B (1:43.0192 ratio)
 EncodeManager:     Indexed RLE: 22 rects, 993.345 kpixels
 EncodeManager:                  4.77832 KiB (1:812.108 ratio)
 EncodeManager:     Full Colour: 20 rects, 296.7 kpixels
 EncodeManager:                  29.9775 KiB (1:38.6696 ratio)
 EncodeManager:   Total: 55 rects, 1.29429 Mpixels
 EncodeManager:          35.0762 KiB (1:144.156 ratio)
 TLS:         TLS session wasn't terminated gracefully
 ComparingUpdateTracker: 2.48275 Mpixels in / 73.362 kpixels out
 ComparingUpdateTracker: (1:33.8424 ratio)

Fri Aug 30 03:29:11 2019
 Connections: accepted: 13.233.170.211::31560
 SConnection: Client needs protocol version 3.8
 SConnection: Client requests security type VeNCrypt(19)
 SVeNCrypt:   Client requests security type TLSVnc (258)

Fri Aug 30 03:29:13 2019
 VNCSConnST:  Server default pixel format depth 24 (32bpp) little-endian rgb888
 VNCSConnST:  Client pixel format depth 24 (32bpp) little-endian rgb888

Fri Aug 30 03:30:05 2019
 Connections: closed: 13.233.170.211::31560 (Clean disconnection)
 EncodeManager: Framebuffer updates: 2
 EncodeManager:   ZRLE:
 EncodeManager:     Indexed RLE: 15 rects, 915.075 kpixels
 EncodeManager:                  1.99316 KiB (1:1793.47 ratio)
 EncodeManager:     Full Colour: 8 rects, 314.537 kpixels
 EncodeManager:                  24.6885 KiB (1:49.7703 ratio)
 EncodeManager:   Total: 23 rects, 1.22961 Mpixels
 EncodeManager:          26.6816 KiB (1:180.028 ratio)
 TLS:         TLS session wasn't terminated gracefully
 ComparingUpdateTracker: 0 pixels in / 0 pixels out
 ComparingUpdateTracker: (1:-nan ratio)

Fri Aug 30 03:30:21 2019
 Connections: accepted: 13.233.170.211::28603
 SConnection: Client needs protocol version 3.8

Fri Aug 30 03:30:22 2019
 SConnection: Client requests security type VeNCrypt(19)
 SVeNCrypt:   Client requests security type TLSVnc (258)

Fri Aug 30 03:30:25 2019
 VNCSConnST:  Server default pixel format depth 24 (32bpp) little-endian rgb888
 VNCSConnST:  Client pixel format depth 24 (32bpp) little-endian rgb888

Fri Aug 30 03:33:05 2019
 Connections: closed: 13.233.170.211::28603 (Clean disconnection)
 EncodeManager: Framebuffer updates: 4
 EncodeManager:   ZRLE:
 EncodeManager:     Indexed RLE: 15 rects, 915.075 kpixels
 EncodeManager:                  1.99316 KiB (1:1793.47 ratio)
 EncodeManager:     Full Colour: 10 rects, 316.161 kpixels
 EncodeManager:                  24.7783 KiB (1:49.8468 ratio)
 EncodeManager:   Total: 25 rects, 1.23124 Mpixels
 EncodeManager:          26.7715 KiB (1:179.662 ratio)
 TLS:         TLS session wasn't terminated gracefully
 ComparingUpdateTracker: 1.23124 Mpixels in / 2.436 kpixels out
 ComparingUpdateTracker: (1:505.433 ratio)

Fri Aug 30 03:33:21 2019
 Connections: accepted: 13.233.170.211::3078
 SConnection: Client needs protocol version 3.8
 SConnection: Client requests security type VeNCrypt(19)

Fri Aug 30 03:33:22 2019
 SVeNCrypt:   Client requests security type TLSVnc (258)

Fri Aug 30 03:33:24 2019
 VNCSConnST:  Server default pixel format depth 24 (32bpp) little-endian rgb888
 VNCSConnST:  Client pixel format depth 24 (32bpp) little-endian rgb888
